<?xml version="1.0" encoding="UTF-8"?>
<!-- Generated by org.testng.reporters.JUnitXMLReporter -->
<testsuite hostname="LAPTOP-ABRF4IV4" ignored="0" name="Bank Manager Login Test" tests="1" failures="1" timestamp="12 May 2021 19:59:06 GMT" time="0.457" errors="0">
  <testcase name="bankManagerLogin" time="0.23" classname="testcases.BankManagerLoginTest">
    <failure type="java.lang.AssertionError" message="Bank Manager Login Failed Intentionally">
      <![CDATA[java.lang.AssertionError: Bank Manager Login Failed Intentionally
at testcases.BankManagerLoginTest.bankManagerLogin(BankManagerLoginTest.java:16)
... Removed 29 stack frames]]>
    </failure>
  </testcase> <!-- bankManagerLogin -->
</testsuite> <!-- Bank Manager Login Test -->
