<?xml version="1.0" encoding="UTF-8"?>
<!-- Generated by org.testng.reporters.JUnitXMLReporter -->
<testsuite ignored="0" hostname="LAPTOP-ABRF4IV4" failures="1" tests="1" name="Bank Manager Login Test" time="0.321" errors="0" timestamp="12 May 2021 14:26:02 GMT">
  <testcase classname="testcases.BankManagerLoginTest" name="bankManagerLogin" time="0.132">
    <failure type="java.lang.AssertionError" message="Bank Manager Login Failed Intentionally">
      <![CDATA[java.lang.AssertionError: Bank Manager Login Failed Intentionally
at testcases.BankManagerLoginTest.bankManagerLogin(BankManagerLoginTest.java:16)
... Removed 26 stack frames]]>
    </failure>
  </testcase> <!-- bankManagerLogin -->
</testsuite> <!-- Bank Manager Login Test -->
